# JRE version: OpenJDK Runtime Environment GraalVM CE 22.3.0 (17.0.5+8) (build 17.0.5+8-jvmci-22.3-b08)
# Java VM: OpenJDK 64-Bit Server VM GraalVM CE 22.3.0 (17.0.5+8-jvmci-22.3-b08, mixed mode, sharing, tiered, jvmci, jvmci compiler, compressed oops, compressed class ptrs, parallel gc, linux-amd64)
GC Precious Log:
 CPUs: 8 total, 1 available
 Memory: 1024M
 Large Page Support: Disabled
 NUMA Support: Disabled
 Compressed Oops: Enabled (32-bit)
 Alignments: Space 512K, Generation 512K, Heap 2M
 Heap Min Capacity: 100M
 Heap Initial Capacity: 100M
 Heap Max Capacity: 512M
 Pre-touch: Disabled
 Parallel Workers: 1
Heap:
 PSYoungGen      total 17408K, used 12288K [0x00000000f5580000, 0x00000000f6c80000, 0x0000000100000000)
  eden space 12288K, 100% used [0x00000000f5580000,0x00000000f6180000,0x00000000f6180000)
  from space 5120K, 0% used [0x00000000f6680000,0x00000000f6680000,0x00000000f6b80000)
  to   space 5120K, 0% used [0x00000000f6180000,0x00000000f6180000,0x00000000f6680000)
 ParOldGen       total 349696K, used 349695K [0x00000000e0000000, 0x00000000f5580000, 0x00000000f5580000)
  object space 349696K, 99% used [0x00000000e0000000,0x00000000f557fff8,0x00000000f5580000)
 Metaspace       used 59103K, committed 60032K, reserved 1105920K
  class space    used 5687K, committed 6080K, reserved 1048576K
GC Heap History (20 events):
Event: 919.871 GC heap before
{Heap before GC invocations=794 (full 647):
 PSYoungGen      total 17408K, used 12288K [0x00000000f5580000, 0x00000000f6c80000, 0x0000000100000000)
  eden space 12288K, 100% used [0x00000000f5580000,0x00000000f6180000,0x00000000f6180000)
  from space 5120K, 0% used [0x00000000f6680000,0x00000000f6680000,0x00000000f6b80000)
  to   space 5120K, 0% used [0x00000000f6180000,0x00000000f6180000,0x00000000f6680000)
 ParOldGen       total 349696K, used 349695K [0x00000000e0000000, 0x00000000f5580000, 0x00000000f5580000)
  object space 349696K, 99% used [0x00000000e0000000,0x00000000f557fff8,0x00000000f5580000)
 Metaspace       used 59103K, committed 60032K, reserved 1105920K
  class space    used 5687K, committed 6080K, reserved 1048576K
}
Event: 921.074 GC heap after
{Heap after GC invocations=794 (full 647):
 PSYoungGen      total 17408K, used 12287K [0x00000000f5580000, 0x00000000f6c80000, 0x0000000100000000)
  eden space 12288K, 99% used [0x00000000f5580000,0x00000000f617ffe8,0x00000000f6180000)
  from space 5120K, 0% used [0x00000000f6180000,0x00000000f6180000,0x00000000f6680000)
  to   space 5120K, 0% used [0x00000000f6680000,0x00000000f6680000,0x00000000f6b80000)
 ParOldGen       total 349696K, used 349695K [0x00000000e0000000, 0x00000000f5580000, 0x00000000f5580000)
  object space 349696K, 99% used [0x00000000e0000000,0x00000000f557ff48,0x00000000f5580000)
 Metaspace       used 59103K, committed 60032K, reserved 1105920K
  class space    used 5687K, committed 6080K, reserved 1048576K
}
Event: 921.074 GC heap before
{Heap before GC invocations=795 (full 648):
 PSYoungGen      total 17408K, used 12287K [0x00000000f5580000, 0x00000000f6c80000, 0x0000000100000000)
  eden space 12288K, 99% used [0x00000000f5580000,0x00000000f617fff8,0x00000000f6180000)
  from space 5120K, 0% used [0x00000000f6180000,0x00000000f6180000,0x00000000f6680000)
  to   space 5120K, 0% used [0x00000000f6680000,0x00000000f6680000,0x00000000f6b80000)
 ParOldGen       total 349696K, used 349695K [0x00000000e0000000, 0x00000000f5580000, 0x00000000f5580000)
  object space 349696K, 99% used [0x00000000e0000000,0x00000000f557ff48,0x00000000f5580000)
 Metaspace       used 59103K, committed 60032K, reserved 1105920K
  class space    used 5687K, committed 6080K, reserved 1048576K
}
Event: 922.375 GC heap after
{Heap after GC invocations=795 (full 648):
 PSYoungGen      total 17408K, used 12287K [0x00000000f5580000, 0x00000000f6c80000, 0x0000000100000000)
  eden space 12288K, 99% used [0x00000000f5580000,0x00000000f617fff8,0x00000000f6180000)
  from space 5120K, 0% used [0x00000000f6680000,0x00000000f6680000,0x00000000f6b80000)
  to   space 5120K, 0% used [0x00000000f6180000,0x00000000f6180000,0x00000000f6680000)
 ParOldGen       total 349696K, used 349695K [0x00000000e0000000, 0x00000000f5580000, 0x00000000f5580000)
  object space 349696K, 99% used [0x00000000e0000000,0x00000000f557ff48,0x00000000f5580000)
 Metaspace       used 59103K, committed 60032K, reserved 1105920K
  class space    used 5687K, committed 6080K, reserved 1048576K
}
Event: 922.376 GC heap before
{Heap before GC invocations=796 (full 649):
 PSYoungGen      total 17408K, used 12287K [0x00000000f5580000, 0x00000000f6c80000, 0x0000000100000000)
  eden space 12288K, 99% used [0x00000000f5580000,0x00000000f617fff8,0x00000000f6180000)
  from space 5120K, 0% used [0x00000000f6680000,0x00000000f6680000,0x00000000f6b80000)
  to   space 5120K, 0% used [0x00000000f6180000,0x00000000f6180000,0x00000000f6680000)
 ParOldGen       total 349696K, used 349695K [0x00000000e0000000, 0x00000000f5580000, 0x00000000f5580000)
  object space 349696K, 99% used [0x00000000e0000000,0x00000000f557ffb8,0x00000000f5580000)
 Metaspace       used 59103K, committed 60032K, reserved 1105920K
  class space    used 5687K, committed 6080K, reserved 1048576K
}
Event: 923.668 GC heap after
{Heap after GC invocations=796 (full 649):
 PSYoungGen      total 17408K, used 12287K [0x00000000f5580000, 0x00000000f6c80000, 0x0000000100000000)
  eden space 12288K, 99% used [0x00000000f5580000,0x00000000f617fff8,0x00000000f6180000)
  from space 5120K, 0% used [0x00000000f6180000,0x00000000f6180000,0x00000000f6680000)
  to   space 5120K, 0% used [0x00000000f6680000,0x00000000f6680000,0x00000000f6b80000)
 ParOldGen       total 349696K, used 349695K [0x00000000e0000000, 0x00000000f5580000, 0x00000000f5580000)
  object space 349696K, 99% used [0x00000000e0000000,0x00000000f557ff98,0x00000000f5580000)
 Metaspace       used 59103K, committed 60032K, reserved 1105920K
  class space    used 5687K, committed 6080K, reserved 1048576K
}
Event: 923.669 GC heap before
{Heap before GC invocations=797 (full 650):
 PSYoungGen      total 17408K, used 12287K [0x00000000f5580000, 0x00000000f6c80000, 0x0000000100000000)
  eden space 12288K, 99% used [0x00000000f5580000,0x00000000f617fff8,0x00000000f6180000)
  from space 5120K, 0% used [0x00000000f6180000,0x00000000f6180000,0x00000000f6680000)
  to   space 5120K, 0% used [0x00000000f6680000,0x00000000f6680000,0x00000000f6b80000)
 ParOldGen       total 349696K, used 349695K [0x00000000e0000000, 0x00000000f5580000, 0x00000000f5580000)
  object space 349696K, 99% used [0x00000000e0000000,0x00000000f557fff0,0x00000000f5580000)
 Metaspace       used 59103K, committed 60032K, reserved 1105920K
  class space    used 5687K, committed 6080K, reserved 1048576K
}
Event: 924.969 GC heap after
{Heap after GC invocations=797 (full 650):
 PSYoungGen      total 17408K, used 12287K [0x00000000f5580000, 0x00000000f6c80000, 0x0000000100000000)
  eden space 12288K, 99% used [0x00000000f5580000,0x00000000f617fff8,0x00000000f6180000)
  from space 5120K, 0% used [0x00000000f6680000,0x00000000f6680000,0x00000000f6b80000)
  to   space 5120K, 0% used [0x00000000f6180000,0x00000000f6180000,0x00000000f6680000)
 ParOldGen       total 349696K, used 349695K [0x00000000e0000000, 0x00000000f5580000, 0x00000000f5580000)
  object space 349696K, 99% used [0x00000000e0000000,0x00000000f557ffb8,0x00000000f5580000)
 Metaspace       used 59103K, committed 60032K, reserved 1105920K
  class space    used 5687K, committed 6080K, reserved 1048576K
}
Event: 924.969 GC heap before
{Heap before GC invocations=798 (full 651):
 PSYoungGen      total 17408K, used 12287K [0x00000000f5580000, 0x00000000f6c80000, 0x0000000100000000)
  eden space 12288K, 99% used [0x00000000f5580000,0x00000000f617fff8,0x00000000f6180000)
  from space 5120K, 0% used [0x00000000f6680000,0x00000000f6680000,0x00000000f6b80000)
  to   space 5120K, 0% used [0x00000000f6180000,0x00000000f6180000,0x00000000f6680000)
 ParOldGen       total 349696K, used 349695K [0x00000000e0000000, 0x00000000f5580000, 0x00000000f5580000)
  object space 349696K, 99% used [0x00000000e0000000,0x00000000f557fff8,0x00000000f5580000)
 Metaspace       used 59103K, committed 60032K, reserved 1105920K
  class space    used 5687K, committed 6080K, reserved 1048576K
}
Event: 926.351 GC heap after
{Heap after GC invocations=798 (full 651):
 PSYoungGen      total 17408K, used 12287K [0x00000000f5580000, 0x00000000f6c80000, 0x0000000100000000)
  eden space 12288K, 99% used [0x00000000f5580000,0x00000000f617fff8,0x00000000f6180000)
  from space 5120K, 0% used [0x00000000f6180000,0x00000000f6180000,0x00000000f6680000)
  to   space 5120K, 0% used [0x00000000f6680000,0x00000000f6680000,0x00000000f6b80000)
 ParOldGen       total 349696K, used 349695K [0x00000000e0000000, 0x00000000f5580000, 0x00000000f5580000)
  object space 349696K, 99% used [0x00000000e0000000,0x00000000f557ff88,0x00000000f5580000)
 Metaspace       used 59103K, committed 60032K, reserved 1105920K
  class space    used 5687K, committed 6080K, reserved 1048576K
}
Event: 926.354 GC heap before
{Heap before GC invocations=799 (full 652):
 PSYoungGen      total 17408K, used 12287K [0x00000000f5580000, 0x00000000f6c80000, 0x0000000100000000)
  eden space 12288K, 99% used [0x00000000f5580000,0x00000000f617fff8,0x00000000f6180000)
  from space 5120K, 0% used [0x00000000f6180000,0x00000000f6180000,0x00000000f6680000)
  to   space 5120K, 0% used [0x00000000f6680000,0x00000000f6680000,0x00000000f6b80000)
 ParOldGen       total 349696K, used 349695K [0x00000000e0000000, 0x00000000f5580000, 0x00000000f5580000)
  object space 349696K, 99% used [0x00000000e0000000,0x00000000f557ffe8,0x00000000f5580000)
 Metaspace       used 59103K, committed 60032K, reserved 1105920K
  class space    used 5687K, committed 6080K, reserved 1048576K
}
Event: 927.781 GC heap after
{Heap after GC invocations=799 (full 652):
 PSYoungGen      total 17408K, used 12287K [0x00000000f5580000, 0x00000000f6c80000, 0x0000000100000000)
  eden space 12288K, 99% used [0x00000000f5580000,0x00000000f617ff00,0x00000000f6180000)
  from space 5120K, 0% used [0x00000000f6680000,0x00000000f6680000,0x00000000f6b80000)
  to   space 5120K, 0% used [0x00000000f6180000,0x00000000f6180000,0x00000000f6680000)
 ParOldGen       total 349696K, used 349693K [0x00000000e0000000, 0x00000000f5580000, 0x00000000f5580000)
  object space 349696K, 99% used [0x00000000e0000000,0x00000000f557f5c0,0x00000000f5580000)
 Metaspace       used 59103K, committed 60032K, reserved 1105920K
  class space    used 5687K, committed 6080K, reserved 1048576K
}
Event: 927.782 GC heap before
{Heap before GC invocations=800 (full 653):
 PSYoungGen      total 17408K, used 12288K [0x00000000f5580000, 0x00000000f6c80000, 0x0000000100000000)
  eden space 12288K, 100% used [0x00000000f5580000,0x00000000f6180000,0x00000000f6180000)
  from space 5120K, 0% used [0x00000000f6680000,0x00000000f6680000,0x00000000f6b80000)
  to   space 5120K, 0% used [0x00000000f6180000,0x00000000f6180000,0x00000000f6680000)
 ParOldGen       total 349696K, used 349693K [0x00000000e0000000, 0x00000000f5580000, 0x00000000f5580000)
  object space 349696K, 99% used [0x00000000e0000000,0x00000000f557f5c0,0x00000000f5580000)
 Metaspace       used 59103K, committed 60032K, reserved 1105920K
  class space    used 5687K, committed 6080K, reserved 1048576K
}
Event: 929.079 GC heap after
{Heap after GC invocations=800 (full 653):
 PSYoungGen      total 17408K, used 12288K [0x00000000f5580000, 0x00000000f6c80000, 0x0000000100000000)
  eden space 12288K, 100% used [0x00000000f5580000,0x00000000f6180000,0x00000000f6180000)
  from space 5120K, 0% used [0x00000000f6180000,0x00000000f6180000,0x00000000f6680000)
  to   space 5120K, 0% used [0x00000000f6680000,0x00000000f6680000,0x00000000f6b80000)
 ParOldGen       total 349696K, used 349693K [0x00000000e0000000, 0x00000000f5580000, 0x00000000f5580000)
  object space 349696K, 99% used [0x00000000e0000000,0x00000000f557f5a0,0x00000000f5580000)
 Metaspace       used 59103K, committed 60032K, reserved 1105920K
  class space    used 5687K, committed 6080K, reserved 1048576K
}
Event: 929.080 GC heap before
{Heap before GC invocations=801 (full 654):
 PSYoungGen      total 17408K, used 12288K [0x00000000f5580000, 0x00000000f6c80000, 0x0000000100000000)
  eden space 12288K, 100% used [0x00000000f5580000,0x00000000f6180000,0x00000000f6180000)
  from space 5120K, 0% used [0x00000000f6180000,0x00000000f6180000,0x00000000f6680000)
  to   space 5120K, 0% used [0x00000000f6680000,0x00000000f6680000,0x00000000f6b80000)
 ParOldGen       total 349696K, used 349695K [0x00000000e0000000, 0x00000000f5580000, 0x00000000f5580000)
  object space 349696K, 99% used [0x00000000e0000000,0x00000000f557ff48,0x00000000f5580000)
 Metaspace       used 59103K, committed 60032K, reserved 1105920K
  class space    used 5687K, committed 6080K, reserved 1048576K
}
Event: 930.472 GC heap after
{Heap after GC invocations=801 (full 654):
 PSYoungGen      total 17408K, used 12287K [0x00000000f5580000, 0x00000000f6c80000, 0x0000000100000000)
  eden space 12288K, 99% used [0x00000000f5580000,0x00000000f617fce0,0x00000000f6180000)
  from space 5120K, 0% used [0x00000000f6680000,0x00000000f6680000,0x00000000f6b80000)
  to   space 5120K, 0% used [0x00000000f6180000,0x00000000f6180000,0x00000000f6680000)
 ParOldGen       total 349696K, used 349694K [0x00000000e0000000, 0x00000000f5580000, 0x00000000f5580000)
  object space 349696K, 99% used [0x00000000e0000000,0x00000000f557f9f8,0x00000000f5580000)
 Metaspace       used 59103K, committed 60032K, reserved 1105920K
  class space    used 5687K, committed 6080K, reserved 1048576K
}
Event: 930.484 GC heap before
{Heap before GC invocations=802 (full 655):
 PSYoungGen      total 17408K, used 12288K [0x00000000f5580000, 0x00000000f6c80000, 0x0000000100000000)
  eden space 12288K, 100% used [0x00000000f5580000,0x00000000f6180000,0x00000000f6180000)
  from space 5120K, 0% used [0x00000000f6680000,0x00000000f6680000,0x00000000f6b80000)
  to   space 5120K, 0% used [0x00000000f6180000,0x00000000f6180000,0x00000000f6680000)
 ParOldGen       total 349696K, used 349694K [0x00000000e0000000, 0x00000000f5580000, 0x00000000f5580000)
  object space 349696K, 99% used [0x00000000e0000000,0x00000000f557f9f8,0x00000000f5580000)
 Metaspace       used 59103K, committed 60032K, reserved 1105920K
  class space    used 5687K, committed 6080K, reserved 1048576K
}
Event: 931.862 GC heap after
{Heap after GC invocations=802 (full 655):
 PSYoungGen      total 17408K, used 12287K [0x00000000f5580000, 0x00000000f6c80000, 0x0000000100000000)
  eden space 12288K, 99% used [0x00000000f5580000,0x00000000f617ff50,0x00000000f6180000)
  from space 5120K, 0% used [0x00000000f6180000,0x00000000f6180000,0x00000000f6680000)
  to   space 5120K, 0% used [0x00000000f6680000,0x00000000f6680000,0x00000000f6b80000)
 ParOldGen       total 349696K, used 349694K [0x00000000e0000000, 0x00000000f5580000, 0x00000000f5580000)
  object space 349696K, 99% used [0x00000000e0000000,0x00000000f557f9d8,0x00000000f5580000)
 Metaspace       used 59103K, committed 60032K, reserved 1105920K
  class space    used 5687K, committed 6080K, reserved 1048576K
}
Event: 931.862 GC heap before
{Heap before GC invocations=803 (full 656):
 PSYoungGen      total 17408K, used 12287K [0x00000000f5580000, 0x00000000f6c80000, 0x0000000100000000)
  eden space 12288K, 99% used [0x00000000f5580000,0x00000000f617ff50,0x00000000f6180000)
  from space 5120K, 0% used [0x00000000f6180000,0x00000000f6180000,0x00000000f6680000)
  to   space 5120K, 0% used [0x00000000f6680000,0x00000000f6680000,0x00000000f6b80000)
 ParOldGen       total 349696K, used 349694K [0x00000000e0000000, 0x00000000f5580000, 0x00000000f5580000)
  object space 349696K, 99% used [0x00000000e0000000,0x00000000f557f9d8,0x00000000f5580000)
 Metaspace       used 59103K, committed 60032K, reserved 1105920K
  class space    used 5687K, committed 6080K, reserved 1048576K
}
Event: 933.397 GC heap after
{Heap after GC invocations=803 (full 656):
 PSYoungGen      total 17408K, used 12287K [0x00000000f5580000, 0x00000000f6c80000, 0x0000000100000000)
  eden space 12288K, 99% used [0x00000000f5580000,0x00000000f617ff50,0x00000000f6180000)
  from space 5120K, 0% used [0x00000000f6680000,0x00000000f6680000,0x00000000f6b80000)
  to   space 5120K, 0% used [0x00000000f6180000,0x00000000f6180000,0x00000000f6680000)
 ParOldGen       total 349696K, used 349694K [0x00000000e0000000, 0x00000000f5580000, 0x00000000f5580000)
  object space 349696K, 99% used [0x00000000e0000000,0x00000000f557f9d8,0x00000000f5580000)
 Metaspace       used 59103K, committed 60032K, reserved 1105920K
  class space    used 5687K, committed 6080K, reserved 1048576K
}

